<?xml version="1.0" encoding="UTF-8"?>
<!-- Generated by org.testng.reporters.JUnitReportReporter -->
<testsuite hostname="Raikkonen" failures="0" tests="9" name="com.team25.hackathon.PdfEngineerTestCases" time="4.106" errors="0" timestamp="2023-10-11T20:12:32 IST" skipped="0">
  <testcase classname="com.team25.hackathon.PdfEngineerTestCases" name="search" time="0.077"/>
  <system-out>
    <![CDATA[Phrase: this mistaken idea of denouncing pleasure and praising pain is found? true]]>
  </system-out>
  <testcase classname="com.team25.hackathon.PdfEngineerTestCases" name="comparison" time="0.215"/>
  <system-out>
    <![CDATA[Do files have same content? true]]>
  </system-out>
  <testcase classname="com.team25.hackathon.PdfEngineerTestCases" name="encryptWithPassword" time="0.008"/>
  <system-out>
    <![CDATA[PDF successfully encrypted]]>
  </system-out>
  <testcase classname="com.team25.hackathon.PdfEngineerTestCases" name="openURL" time="1.274"/>
  <system-out>
    <![CDATA[PDF loaded from given URL]]>
  </system-out>
  <testcase classname="com.team25.hackathon.PdfEngineerTestCases" name="openFile" time="0.003"/>
  <system-out>
    <![CDATA[PDF loaded from path]]>
  </system-out>
  <testcase classname="com.team25.hackathon.PdfEngineerTestCases" name="convert" time="2.388"/>
  <system-out>
    <![CDATA[PDF was converted to A1A format]]>
  </system-out>
  <testcase classname="com.team25.hackathon.PdfEngineerTestCases" name="readText" time="0.028"/>
  <system-out>
    <![CDATA[PDF text extracted]]>
  </system-out>
  <testcase classname="com.team25.hackathon.PdfEngineerTestCases" name="validation" time="0.080"/>
  <system-out>
    <![CDATA[PDF validation errors are successfully displayed]]>
  </system-out>
  <testcase classname="com.team25.hackathon.PdfEngineerTestCases" name="mergeFiles" time="0.033"/>
  <system-out>
    <![CDATA[PDF files merged into single file: C:\Users\aakas\Downloads\pdfengineer\hackathon\output\merged.pdf]]>
  </system-out>
</testsuite> <!-- com.team25.hackathon.PdfEngineerTestCases -->
